<?xml version="1.0" encoding="UTF-8"?>
<!-- Generated by org.testng.reporters.JUnitXMLReporter -->
<testsuite ignored="0" hostname="LAPTOP-B8TJUCIE" failures="0" tests="6" name="Test" time="699.448" errors="0" timestamp="2023-10-12T18:18:32 IST">
  <testcase classname="com.EMC.testcases.TC_ShowDigitalhearingDocumentByTherapistLogin" name="showDigitalHearingDoucmentByTherapistLogin" time="105.414"/>
  <testcase classname="com.EMC.testcases.TC_ShowSpeechTherapyScreeningReportByTherapistLogin" name="submitSpeechTherapyScreeningReport" time="115.473"/>
  <testcase classname="com.EMC.testcases.TC_ShowPsychoeducationalAssessmentReportByTherapistLogin" name="showPsychoeducationalAssessmentReportByTherapistLogin" time="127.675"/>
  <testcase classname="com.EMC.testcases.TC_ShowVisionScreeningReportByTherapistLogin" name="showDigitalHearingDoucmentByTherapistLogin" time="109.782"/>
  <testcase classname="com.EMC.testcases.TC_ShowFunctionalBehviourPlanDocumentByTherapistLogin" name="submitFunctionalPlanDocument" time="110.12"/>
  <testcase classname="com.EMC.testcases.TC_DailyTeachingTaskDocument_TherapistLogin" name="submitDailyTeachingTaskDocument" time="98.618"/>
</testsuite> <!-- Test -->
