<?xml version="1.0" encoding="UTF-8"?>
<testng-results ignored="0" total="1" passed="1" failed="0" skipped="0">
  <reporter-output>
  </reporter-output>
  <suite started-at="2023-11-27T09:52:54 IST" name="Default suite" finished-at="2023-11-27T09:53:16 IST" duration-ms="21702">
    <groups>
    </groups>
    <test started-at="2023-11-27T09:52:54 IST" name="Default test" finished-at="2023-11-27T09:53:16 IST" duration-ms="21702">
      <class name="EMC.createdoctor">
        <test-method is-config="true" signature="setUp()[pri:0, instance:EMC.createdoctor@69ee81fc]" started-at="2023-11-27T09:52:54 IST" name="setUp" finished-at="2023-11-27T09:53:03 IST" duration-ms="9032" status="PASS">
          <reporter-output>
          </reporter-output>
        </test-method> <!-- setUp -->
        <test-method signature="creatDoctor()[pri:0, instance:EMC.createdoctor@69ee81fc]" started-at="2023-11-27T09:53:03 IST" name="creatDoctor" finished-at="2023-11-27T09:53:16 IST" duration-ms="12588" status="PASS">
          <reporter-output>
          </reporter-output>
        </test-method> <!-- creatDoctor -->
      </class> <!-- EMC.createdoctor -->
    </test> <!-- Default test -->
  </suite> <!-- Default suite -->
</testng-results>
